ncsim 14.10-s005
Linux 2.6.18-419.el5 #1 SMP Fri Feb 24 22:47:42 UTC 2017 x86_64
CPU cores: 16
Limit information:
======================================
cputime			unlimited
filesize		unlimited
datasize		unlimited
stacksize		10240 kbytes
coredumpsize	0 kbytes
memoryuse		unlimited
vmemoryuse		unlimited
descriptors		1024
memorylocked	32 kbytes
maxproc			1031627
======================================
(Special)Runtime environment variables:

Runtime environment variables:
LANG=en_US
USER=dld0038
LOGNAME=dld0038
HOME=/users/course/2018S/cs210201/dld0038
PATH=/usr/cad/synopsys/pa_virtualizer/cur/SLS/linux/pc/bin:/usr/cad/synopsys/pa_virtualizer/cur/SLS/linux/InnoGUI/Innovator/Bin:/usr/cad/synopsys/pa_virtualizer/cur/SLS/linux/tools/bin:/usr/cad/synopsys/icc/cur/amd64/syn/bin:/usr/bin/X11:/usr/cad/synopsys/coreconsultant/cur/bin:/usr/cad/synopsys/verdi/cur/bin:/usr/cad/synopsys/verdi/cur/nLint/bin:/usr/cad/synopsys/vcs-mx/cur/bin:/usr/cad/synopsys/vcs-mx/cur/linux/bin:/usr/cad/synopsys/vcs-mx/cur/linux/util:/usr/cad/synopsys/vcs-mx/cur/linux/flexlm:/usr/bin/X11:/usr/cad/synopsys/synthesis/cur/amd64/syn/bin:/usr/cad/synopsys/lc/cur/bin:/usr/bin/X11:/usr/cad/synopsys/primetime/cur/amd64/syn/bin:/usr/cad/cadence/INCISIV/cur/tools/bin:/usr/cad/cadence/INCISIV/cur/tools/vtools/vfault/bin:/usr/cad/cadence/INCISIV/cur/tools/dfII/bin:/usr/cad/cadence/EDI/cur/tools/celtic/bin:/usr/cad/cadence/EDI/cur/tools/plato/bin:/usr/cad/cadence/EDI/cur/tools/dfII/bin:/usr/cad/cadence/EDI/cur/tools/fe/bin:/usr/cad/cadence/EDI/cur/tools/cdsdoc/bin:/usr/cad/cadence/EDI/cur/tools/bin:/usr/cad/cadence/EDI/cur//tools/tlfUtil/bin:/usr/cad/cadence/CTOS/cur/tools.lnx86/ctos/bin:/usr/cad/cadence/MMSIM/cur/tools/dfII/bin:/usr/cad/cadence/MMSIM/cur/tools/bin:/usr/cad/cadence/EXT/cur/tools/bin:/usr/cad/cadence/ETS/cur/tools/bin:/usr/cad/cadence/CONFRML/cur/./bin:/usr/cad/cadence/CONFRML/cur/tools/bin:/usr/cad/cadence/IC/cur/tools/dfII/bin:/usr/cad/cadence/IC/cur/tools/dracula/bin:/usr/cad/cadence/IC/cur/tools/bin:/usr/lib64/qt-3.3/bin:/usr/kerberos/bin:/usr/local/bin:/bin:/usr/bin
MAIL=/var/spool/mail/dld0038
SHELL=/bin/tcsh
SSH_CLIENT=192.168.75.200 59451 22
SSH_CONNECTION=192.168.75.200 59451 192.168.75.57 22
SSH_TTY=/dev/pts/2
TERM=xterm
DISPLAY=localhost:10.0
HOSTTYPE=x86_64-linux
VENDOR=unknown
OSTYPE=linux
MACHTYPE=x86_64
SHLVL=1
PWD=/users/course/2018S/cs210201/dld0038/lab1
GROUP=cs210201
HOST=ic27.cs.nthu.edu.tw
REMOTEHOST=nthucad
HOSTNAME=ic27.cs.nthu.edu.tw
INPUTRC=/etc/inputrc
LS_COLORS=no=00:fi=00:di=00;34:ln=00;36:pi=40;33:so=00;35:bd=40;33;01:cd=40;33;01:or=01;05;37;41:mi=01;05;37;41:ex=00;32:*.cmd=00;32:*.exe=00;32:*.com=00;32:*.btm=00;32:*.bat=00;32:*.sh=00;32:*.csh=00;32:*.tar=00;31:*.tgz=00;31:*.arj=00;31:*.taz=00;31:*.lzh=00;31:*.zip=00;31:*.z=00;31:*.Z=00;31:*.gz=00;31:*.bz2=00;31:*.bz=00;31:*.tz=00;31:*.rpm=00;31:*.cpio=00;31:*.jpg=00;35:*.gif=00;35:*.bmp=00;35:*.xbm=00;35:*.xpm=00;35:*.png=00;35:*.tif=00;35:
CVS_RSH=ssh
G_BROKEN_FILENAMES=1
SSH_ASKPASS=/usr/libexec/openssh/gnome-ssh-askpass
KDE_IS_PRELINKED=1
KDEDIR=/usr
LESSOPEN=|/usr/bin/lesspipe.sh %s
QTDIR=/usr/lib64/qt-3.3
QTINC=/usr/lib64/qt-3.3/include
QTLIB=/usr/lib64/qt-3.3/lib
LD_LIBRARY_PATH=/usr/cad/synopsys/pa_virtualizer/cur/SLS/linux/dmtools/lib:/usr/cad/synopsys/pa_virtualizer/cur/SLS/linux/pc/lib:/usr/cad/synopsys/pa_virtualizer/cur/SLS/linux/common/lib-any:/usr/cad/synopsys/pa_virtualizer/cur/SLS/linux/common/libso-gcc-4.7.2:/usr/cad/synopsys/pa_virtualizer/cur/SLS/linux/gnu/gcc-4.7.2/lib:/usr/cad/synopsys/verdi/cur/share/PLI/IUS/LINUX/::/usr/cad/synopsys/pa_virtualizer/cur/SLS/linux/dmtools/lib:/lib
CDS_Netlisting_Mode=Analog
VERPLEX_HOME=/usr/cad/cadence/CONFRML/cur
LM_LICENSE_FILE=26585@lscic:26585@lsnctu:5280@lsnctu:5280@lscic::8224@lscic.cic.org.tw
OAHOME=/usr/cad/cadence/oa_v22.04.073
OA_HOME=/usr/cad/cadence/EDI/cur/oa
ENCOUNTER=/usr/cad/cadence/EDI/cur/tools/fe
MANPATH=:/usr/cad/synopsys/synthesis/cur/doc/syn/man:/usr/cad/synopsys/coreconsultant/cur/doc/dware/man
PRIMETIME=/usr/cad/synopsys/primetime/cur
SYNTHESIS=/usr/cad/synopsys/synthesis/cur
SYNOPSYS=/usr/cad/synopsys/icc/cur
SYN_MAN_DIR=/usr/cad/synopsys/synthesis/cur/doc/syn/man
VCS_HOME=/usr/cad/synopsys/vcs-mx/cur
VCS_CC=gcc
SHLIB_PATH=/usr/cad/synopsys/verdi/cur/share/PLI/IUS/LINUX
SOFT_MAN_DIR=/usr/cad/synopsys/coreconsultant/cur/doc/dware/man
SNPS_VP_HOME=/usr/cad/synopsys/pa_virtualizer/cur/SLS/linux
COWAREHOME=/usr/cad/synopsys/pa_virtualizer/cur/SLS/linux
SNPS_VP_HTYPE=linux
COWAREHT=linux
SNPS_VP_PRODUCT=PA
COWARE_PRODUCT=PA
PCTHOME=/usr/cad/synopsys/pa_virtualizer/cur/SLS/linux/pc
COWARE_AUX_BIN=/usr/cad/synopsys/pa_virtualizer/cur/SLS/linux/common/bin
COWARE_CXX_COMPILER=gcc-4.7.2
COWARE_JRE=/usr/cad/synopsys/pa_virtualizer/cur/SLS/linux/../linux/java
COWAREDOC_INSTALLED_AT=/usr/cad/synopsys/pa_virtualizer/vJ-2014.12/Documentation
SNPS_VP_DOC=/usr/cad/synopsys/pa_virtualizer/vJ-2014.12/Documentation
CWR_USING_LNX_KERNEL_THREADS=1
COWARE_MONITORS_PATH=/users/course/2018S/cs210201/dld0038/.synopsys/monitors:/usr/cad/synopsys/pa_virtualizer/cur/SLS/linux/IP
SNPS_VIEW_CONFIG_PATH=/users/course/2018S/cs210201/dld0038/.synopsys/viewconfig:/usr/cad/synopsys/pa_virtualizer/cur/SLS/linux/IP:/usr/cad/synopsys/pa_virtualizer/cur/SLS/linux/common/etc/viewconfig
_IRUNROOT_=/usr/cad/cadence/INCISIV/cur/tools
CDS_ARCH=lnx86
NCRUNMODE=ncverilog:./INCA_libs/irun.lnx86.14.10.nc
IRUNBATCH=FALSE
IMPERAS_PORT_FILE=.vsp_ovp_gdb_port
TCL_LIBRARY=/usr/cad/cadence/INCISIV/cur/tools/inca/files/tcl/library
Runtime command line arguments:
argv[0]=ncverilog
argv[1]=fop.v
argv[2]=fop_tb.v
93 profile - 100
          CPU/Mem usage: 0.040 sys,  0.040 user,  49.07M sys,  0.00M vm
94 VC callback profile - scalar:0 vector:0
95 Sun Mar 11 13:30:58 2018
96 pliAppInit
97 *Verdi3* : Enable Parallel Dumping.
98 pliAppMiscSet: New Sim Round
99 pliEntryInit
100 LIBSSCORE=found /usr/cad/synopsys/verdi/cur/share/PLI/IUS/LINUX/libsscore_ius141.so through $LD_LIBRARY_PATH setting.
101 Sim process exit
